<?xml version="1.0" encoding="UTF-8"?>
<!-- Generated by org.testng.reporters.JUnitReportReporter -->
<testsuite skipped="0" hostname="Sheiks-Air" name="com.common.CrossBrowser" tests="3" failures="0" timestamp="23 Feb 2020 01:37:39 GMT" time="19.399" errors="0">
  <testcase name="getBrowser" time="6.834" classname="com.common.CrossBrowser"/>
  <testcase name="getBrowser" time="6.369" classname="com.common.CrossBrowser"/>
  <testcase name="getBrowser" time="6.196" classname="com.common.CrossBrowser"/>
</testsuite> <!-- com.common.CrossBrowser -->
