<?xml version="1.0" encoding="UTF-8"?>
<!-- Generated by org.testng.reporters.JUnitReportReporter -->
<testsuite skipped="0" hostname="Sheiks-Air" name="com.testrunner.TestRunner" tests="1" failures="0" timestamp="30 Mar 2020 05:41:25 GMT" time="9.739" errors="0">
  <testcase name="feature" time="9.739" classname="com.testrunner.TestRunner"/>
</testsuite> <!-- com.testrunner.TestRunner -->
