<?xml version="1.0" encoding="UTF-8"?>
<!-- Generated by org.testng.reporters.JUnitReportReporter -->
<testsuite skipped="0" hostname="Sheiks-MacBook-Air.local" name="com.testrunner.TestRunner" tests="1" failures="0" timestamp="23 Feb 2020 20:10:52 GMT" time="8.195" errors="0">
  <testcase name="feature" time="8.195" classname="com.testrunner.TestRunner"/>
</testsuite> <!-- com.testrunner.TestRunner -->
